<?xml version="1.0" encoding="UTF-8"?>
<testsuite xmlns:xsi="http://www.w3.org/2001/XMLSchema-instance" xsi:noNamespaceSchemaLocation="https://maven.apache.org/surefire/maven-surefire-plugin/xsd/surefire-test-report.xsd" version="3.0.2" name="com.oracleone.literalura.service.ServicioGutendexTest" time="0.35" tests="9" errors="0" skipped="0" failures="0">
  <properties>
[...]
</properties>
  <testcase name="guardarDesdeDto_devuelveNullSiDtoEsNull" classname="com.oracleone.literalura.service.ServicioGutendexTest" time="0.275"/>
  <testcase name="guardarDesdeDto_reutilizaAutorExistenteSiYaEstaEnBase" classname="com.oracleone.literalura.service.ServicioGutendexTest" time="0.009"/>
  <testcase name="guardarDesdeDto_retornaLibroExistenteSiYaFueGuardado" classname="com.oracleone.literalura.service.ServicioGutendexTest" time="0.003"/>
  <testcase name="buscarLibroPorIdGutenberg_devuelveEmptySiRespuestaEsNull" classname="com.oracleone.literalura.service.ServicioGutendexTest" time="0.014"/>
  <testcase name="buscarLibroPorIdGutenberg_devuelveEmptySiRestTemplateLanzaExcepcion" classname="com.oracleone.literalura.service.ServicioGutendexTest" time="0.006"/>
  <testcase name="buscarPorTitulo_codificaTituloEnUtf8" classname="com.oracleone.literalura.service.ServicioGutendexTest" time="0.004"/>
  <testcase name="guardarDesdeDto_creaAutorNuevoCuandoNoExiste" classname="com.oracleone.literalura.service.ServicioGutendexTest" time="0.004"/>
  <testcase name="guardarDesdeDto_guardaLibroSinAutorNiIdiomasCuandoNoHayDatos" classname="com.oracleone.literalura.service.ServicioGutendexTest" time="0.006"/>
  <testcase name="buscarLibroPorIdGutenberg_devuelveOptionalConDtoSiRespuestaValida" classname="com.oracleone.literalura.service.ServicioGutendexTest" time="0.02"/>
</testsuite>